<?xml version="1.0" encoding="UTF-8"?>
<testsuite xmlns:xsi="http://www.w3.org/2001/XMLSchema-instance" xsi:noNamespaceSchemaLocation="https://maven.apache.org/surefire/maven-surefire-plugin/xsd/surefire-test-report.xsd" name="com.example.model.dao.EntidadeDaoTest" time="0.008" tests="3" errors="0" skipped="0" failures="0">
  <properties>
    <property name="sun.desktop" value="windows"/>
    <property name="awt.toolkit" value="sun.awt.windows.WToolkit"/>
    <property name="file.encoding.pkg" value="sun.io"/>
    <property name="java.specification.version" value="1.8"/>
    <property name="sun.cpu.isalist" value="amd64"/>
    <property name="sun.jnu.encoding" value="Cp1252"/>
    <property name="java.class.path" value="P:\GitHub\Sistema-de-Judocas\target\test-classes;P:\GitHub\Sistema-de-Judocas\target\classes;C:\Users\pbmvi\.m2\repository\junit\junit\4.12\junit-4.12.jar;C:\Users\pbmvi\.m2\repository\org\hamcrest\hamcrest-core\1.3\hamcrest-core-1.3.jar;C:\Users\pbmvi\.m2\repository\jcalendar\jcalendar\1.3.3\jcalendar-1.3.3.jar;C:\Users\pbmvi\.m2\repository\db4o\db4o\7.4.106.13438-java5\db4o-7.4.106.13438-java5.jar;C:\Users\pbmvi\.m2\repository\forms\forms\1.0\forms-1.0.jar;C:\Users\pbmvi\.m2\repository\genesis\backport175\backport\175-1.1.RC1-snapshot\backport-175-1.1.RC1-snapshot.jar;C:\Users\pbmvi\.m2\repository\genesis\commons\commons-beanutils\1.7\commons-beanutils-1.7.jar;C:\Users\pbmvi\.m2\repository\genesis\commons\commons-digester\1.8\commons-digester-1.8.jar;C:\Users\pbmvi\.m2\repository\genesis\commons\commons-logging\1.1\commons-logging-1.1.jar;C:\Users\pbmvi\.m2\repository\genesis\commons\commons-validator\1.3.1\commons-validator-1.3.1.jar;C:\Users\pbmvi\.m2\repository\genesis\commons\jakarta-oro\2.0.8\jakarta-oro-2.0.8.jar;C:\Users\pbmvi\.m2\repository\genesis\commons\reusable-components\1.3.1\reusable-components-1.3.1.jar;C:\Users\pbmvi\.m2\repository\genesis\script\bsh\2.0b4\bsh-2.0b4.jar;C:\Users\pbmvi\.m2\repository\genesis\script\commons-el\1.0\commons-el-1.0.jar;C:\Users\pbmvi\.m2\repository\genesis\script\commons-jxpath\1.2\commons-jxpath-1.2.jar;C:\Users\pbmvi\.m2\repository\genesis\script\jakarta-taglibs-standard\1.1.2\jakarta-taglibs-standard-1.1.2.jar;C:\Users\pbmvi\.m2\repository\genesis\script\js\1.6R5\js-1.6R5.jar;C:\Users\pbmvi\.m2\repository\genesis\genesis-annotation\3.2\genesis-annotation-3.2.jar;C:\Users\pbmvi\.m2\repository\genesis\genesis-aspect\3.2\genesis-aspect-3.2.jar;C:\Users\pbmvi\.m2\repository\genesis\genesis-aspect-annotated\3.2\genesis-aspect-annotated-3.2.jar;C:\Users\pbmvi\.m2\repository\genesis\genesis-client\3.2\genesis-client-3.2.jar;C:\Users\pbmvi\.m2\repository\genesis\genesis-client-swing\3.2\genesis-client-swing-3.2.jar;C:\Users\pbmvi\.m2\repository\genesis\genesis-client-swt\3.2\genesis-client-swt-3.2.jar;C:\Users\pbmvi\.m2\repository\genesis\genesis-client-thinlet\3.2\genesis-client-thinlet-3.2.jar;C:\Users\pbmvi\.m2\repository\genesis\genesis-container\3.2\genesis-container-3.2.jar;C:\Users\pbmvi\.m2\repository\genesis\genesis-server\3.2\genesis-server-3.2.jar;C:\Users\pbmvi\.m2\repository\genesis\genesis-shared\3.2\genesis-shared-3.2.jar;C:\Users\pbmvi\.m2\repository\genesis\genesis-shared-annotated\3.2\genesis-shared-annotated-3.2.jar;C:\Users\pbmvi\.m2\repository\TableLayout-javadoc\TableLayout-javadoc\1.0\TableLayout-javadoc-1.0.jar;C:\Users\pbmvi\.m2\repository\TableLayout-src\TableLayout-src\1.0\TableLayout-src-1.0.jar;C:\Users\pbmvi\.m2\repository\TableLayout\TableLayout\1.0\TableLayout-1.0.jar;C:\Users\pbmvi\.m2\repository\PgsLookAndFeel\PgsLookAndFeel\1.0\PgsLookAndFeel-1.0.jar;"/>
    <property name="java.vm.vendor" value="Temurin"/>
    <property name="sun.arch.data.model" value="64"/>
    <property name="user.variant" value=""/>
    <property name="java.vendor.url" value="https://adoptium.net/"/>
    <property name="user.timezone" value="America/Sao_Paulo"/>
    <property name="java.vm.specification.version" value="1.8"/>
    <property name="os.name" value="Windows 10"/>
    <property name="user.country" value="BR"/>
    <property name="sun.java.launcher" value="SUN_STANDARD"/>
    <property name="sun.boot.library.path" value="C:\Program Files\Eclipse Adoptium\jdk-8.0.352.8-hotspot\jre\bin"/>
    <property name="sun.java.command" value="C:\Users\pbmvi\AppData\Local\Temp\surefire2900420184602847062\surefirebooter1765210219348260524.jar C:\Users\pbmvi\AppData\Local\Temp\surefire2900420184602847062 2024-12-01T22-54-23_335-jvmRun1 surefire8970257371504094838tmp surefire_03919595240400573594tmp"/>
    <property name="surefire.test.class.path" value="P:\GitHub\Sistema-de-Judocas\target\test-classes;P:\GitHub\Sistema-de-Judocas\target\classes;C:\Users\pbmvi\.m2\repository\junit\junit\4.12\junit-4.12.jar;C:\Users\pbmvi\.m2\repository\org\hamcrest\hamcrest-core\1.3\hamcrest-core-1.3.jar;C:\Users\pbmvi\.m2\repository\jcalendar\jcalendar\1.3.3\jcalendar-1.3.3.jar;C:\Users\pbmvi\.m2\repository\db4o\db4o\7.4.106.13438-java5\db4o-7.4.106.13438-java5.jar;C:\Users\pbmvi\.m2\repository\forms\forms\1.0\forms-1.0.jar;C:\Users\pbmvi\.m2\repository\genesis\backport175\backport\175-1.1.RC1-snapshot\backport-175-1.1.RC1-snapshot.jar;C:\Users\pbmvi\.m2\repository\genesis\commons\commons-beanutils\1.7\commons-beanutils-1.7.jar;C:\Users\pbmvi\.m2\repository\genesis\commons\commons-digester\1.8\commons-digester-1.8.jar;C:\Users\pbmvi\.m2\repository\genesis\commons\commons-logging\1.1\commons-logging-1.1.jar;C:\Users\pbmvi\.m2\repository\genesis\commons\commons-validator\1.3.1\commons-validator-1.3.1.jar;C:\Users\pbmvi\.m2\repository\genesis\commons\jakarta-oro\2.0.8\jakarta-oro-2.0.8.jar;C:\Users\pbmvi\.m2\repository\genesis\commons\reusable-components\1.3.1\reusable-components-1.3.1.jar;C:\Users\pbmvi\.m2\repository\genesis\script\bsh\2.0b4\bsh-2.0b4.jar;C:\Users\pbmvi\.m2\repository\genesis\script\commons-el\1.0\commons-el-1.0.jar;C:\Users\pbmvi\.m2\repository\genesis\script\commons-jxpath\1.2\commons-jxpath-1.2.jar;C:\Users\pbmvi\.m2\repository\genesis\script\jakarta-taglibs-standard\1.1.2\jakarta-taglibs-standard-1.1.2.jar;C:\Users\pbmvi\.m2\repository\genesis\script\js\1.6R5\js-1.6R5.jar;C:\Users\pbmvi\.m2\repository\genesis\genesis-annotation\3.2\genesis-annotation-3.2.jar;C:\Users\pbmvi\.m2\repository\genesis\genesis-aspect\3.2\genesis-aspect-3.2.jar;C:\Users\pbmvi\.m2\repository\genesis\genesis-aspect-annotated\3.2\genesis-aspect-annotated-3.2.jar;C:\Users\pbmvi\.m2\repository\genesis\genesis-client\3.2\genesis-client-3.2.jar;C:\Users\pbmvi\.m2\repository\genesis\genesis-client-swing\3.2\genesis-client-swing-3.2.jar;C:\Users\pbmvi\.m2\repository\genesis\genesis-client-swt\3.2\genesis-client-swt-3.2.jar;C:\Users\pbmvi\.m2\repository\genesis\genesis-client-thinlet\3.2\genesis-client-thinlet-3.2.jar;C:\Users\pbmvi\.m2\repository\genesis\genesis-container\3.2\genesis-container-3.2.jar;C:\Users\pbmvi\.m2\repository\genesis\genesis-server\3.2\genesis-server-3.2.jar;C:\Users\pbmvi\.m2\repository\genesis\genesis-shared\3.2\genesis-shared-3.2.jar;C:\Users\pbmvi\.m2\repository\genesis\genesis-shared-annotated\3.2\genesis-shared-annotated-3.2.jar;C:\Users\pbmvi\.m2\repository\TableLayout-javadoc\TableLayout-javadoc\1.0\TableLayout-javadoc-1.0.jar;C:\Users\pbmvi\.m2\repository\TableLayout-src\TableLayout-src\1.0\TableLayout-src-1.0.jar;C:\Users\pbmvi\.m2\repository\TableLayout\TableLayout\1.0\TableLayout-1.0.jar;C:\Users\pbmvi\.m2\repository\PgsLookAndFeel\PgsLookAndFeel\1.0\PgsLookAndFeel-1.0.jar;"/>
    <property name="sun.cpu.endian" value="little"/>
    <property name="user.home" value="C:\Users\pbmvi"/>
    <property name="user.language" value="pt"/>
    <property name="java.specification.vendor" value="Oracle Corporation"/>
    <property name="java.home" value="C:\Program Files\Eclipse Adoptium\jdk-8.0.352.8-hotspot\jre"/>
    <property name="basedir" value="P:\GitHub\Sistema-de-Judocas"/>
    <property name="file.separator" value="\"/>
    <property name="line.separator" value="&#10;"/>
    <property name="java.vm.specification.vendor" value="Oracle Corporation"/>
    <property name="java.specification.name" value="Java Platform API Specification"/>
    <property name="java.awt.graphicsenv" value="sun.awt.Win32GraphicsEnvironment"/>
    <property name="surefire.real.class.path" value="C:\Users\pbmvi\AppData\Local\Temp\surefire2900420184602847062\surefirebooter1765210219348260524.jar"/>
    <property name="sun.boot.class.path" value="C:\Program Files\Eclipse Adoptium\jdk-8.0.352.8-hotspot\jre\lib\resources.jar;C:\Program Files\Eclipse Adoptium\jdk-8.0.352.8-hotspot\jre\lib\rt.jar;C:\Program Files\Eclipse Adoptium\jdk-8.0.352.8-hotspot\jre\lib\sunrsasign.jar;C:\Program Files\Eclipse Adoptium\jdk-8.0.352.8-hotspot\jre\lib\jsse.jar;C:\Program Files\Eclipse Adoptium\jdk-8.0.352.8-hotspot\jre\lib\jce.jar;C:\Program Files\Eclipse Adoptium\jdk-8.0.352.8-hotspot\jre\lib\charsets.jar;C:\Program Files\Eclipse Adoptium\jdk-8.0.352.8-hotspot\jre\lib\jfr.jar;C:\Program Files\Eclipse Adoptium\jdk-8.0.352.8-hotspot\jre\classes"/>
    <property name="user.script" value=""/>
    <property name="sun.management.compiler" value="HotSpot 64-Bit Tiered Compilers"/>
    <property name="java.runtime.version" value="1.8.0_352-b08"/>
    <property name="user.name" value="pbmvi"/>
    <property name="path.separator" value=";"/>
    <property name="os.version" value="10.0"/>
    <property name="java.endorsed.dirs" value="C:\Program Files\Eclipse Adoptium\jdk-8.0.352.8-hotspot\jre\lib\endorsed"/>
    <property name="java.runtime.name" value="OpenJDK Runtime Environment"/>
    <property name="file.encoding" value="Cp1252"/>
    <property name="java.vm.name" value="OpenJDK 64-Bit Server VM"/>
    <property name="localRepository" value="C:\Users\pbmvi\.m2\repository"/>
    <property name="java.vendor.url.bug" value="https://github.com/adoptium/adoptium-support/issues"/>
    <property name="java.io.tmpdir" value="C:\Users\pbmvi\AppData\Local\Temp\"/>
    <property name="java.version" value="1.8.0_352"/>
    <property name="user.dir" value="P:\GitHub\Sistema-de-Judocas"/>
    <property name="os.arch" value="amd64"/>
    <property name="java.vm.specification.name" value="Java Virtual Machine Specification"/>
    <property name="java.awt.printerjob" value="sun.awt.windows.WPrinterJob"/>
    <property name="sun.os.patch.level" value=""/>
    <property name="java.library.path" value="C:\Program Files\Eclipse Adoptium\jdk-8.0.352.8-hotspot\jre\bin;C:\WINDOWS\Sun\Java\bin;C:\WINDOWS\system32;C:\WINDOWS;C:\Program Files\Eclipse Adoptium\jdk-21.0.1.12-hotspot\bin;C:\Program Files (x86)\OpenLogic\jre-8.0.382.05-hotspot\bin;C:\Program Files\Eclipse Adoptium\jdk-8.0.352.8-hotspot\bin;C:\Python\Python397\Scripts\;C:\Python\Python397\;C:\Windows\system32;C:\Windows;C:\Windows\System32\Wbem;C:\Windows\System32\WindowsPowerShell\v1.0\;C:\Windows\System32\OpenSSH\;C:\Program Files\NVIDIA Corporation\NVIDIA NvDLISR;C:\Program Files (x86)\NVIDIA Corporation\PhysX\Common;C:\Program Files\dotnet\;C:\Program Files\nodejs\;C:\Program Files\Docker\Docker\resources\bin;C:\WINDOWS\system32;C:\WINDOWS;C:\WINDOWS\System32\Wbem;C:\WINDOWS\System32\WindowsPowerShell\v1.0\;C:\WINDOWS\System32\OpenSSH\;C:\Program Files\Git\cmd;C:\Program Files (x86)\Windows Kits\10\Windows Performance Toolkit\;C:\Program Files (x86)\GtkSharp\2.12\bin;C:\Users\pbmvi\AppData\Local\Programs\Python\Python311\Scripts\;C:\Users\pbmvi\AppData\Local\Programs\Python\Python311\;C:\Users\pbmvi\AppData\Local\Programs\Python\Launcher;C:\Users\pbmvi\AppData\Local\Microsoft\WindowsApps;C:\Users\pbmvi\AppData\Local\Programs\Microsoft VS Code\bin;C:\MinGW\bin;C:\Users\pbmvi\AppData\Roaming\npm;C:\Program Files\Eclipse Adoptium\jdk-8.0.352.8-hotspot\bin;C:\Users\pbmvi\AppData\Local\GitHubDesktop\bin;C:\Program Files\Maven\apache-maven-3.9.6\bin;C:\Users\pbmvi\anaconda3\condabin;P:\Program Files\IntelliJ IDEA 2024.3\bin;;;."/>
    <property name="java.vm.info" value="mixed mode"/>
    <property name="java.vendor" value="Temurin"/>
    <property name="java.vm.version" value="25.352-b08"/>
    <property name="java.specification.maintenance.version" value="4"/>
    <property name="java.ext.dirs" value="C:\Program Files\Eclipse Adoptium\jdk-8.0.352.8-hotspot\jre\lib\ext;C:\WINDOWS\Sun\Java\lib\ext"/>
    <property name="sun.io.unicode.encoding" value="UnicodeLittle"/>
    <property name="java.class.version" value="52.0"/>
  </properties>
  <testcase name="SalvarEntidadeTest" classname="com.example.model.dao.EntidadeDaoTest" time="0"/>
  <testcase name="updateEntidadeTest" classname="com.example.model.dao.EntidadeDaoTest" time="0.004"/>
  <testcase name="SearchEntidadeTest" classname="com.example.model.dao.EntidadeDaoTest" time="0.004"/>
</testsuite>